<?xml version="1.0" encoding="UTF-8"?>
<!-- Generated by org.testng.reporters.JUnitReportReporter -->
<testsuite skipped="0" hostname="Aravalli" name="com.interra.XSD.XML3" tests="1" failures="0" timestamp="20 Jan 2022 03:30:51 GMT" time="101.309" errors="0">
  <testcase name="XML3" time="101.309" classname="com.interra.XSD.XML3"/>
</testsuite> <!-- com.interra.XSD.XML3 -->
