<?xml version="1.0" encoding="UTF-8"?>
<!-- Generated by org.testng.reporters.JUnitReportReporter -->
<testsuite skipped="0" hostname="Aravalli" name="com.interra.XSD.XML1" tests="1" failures="0" timestamp="19 Jan 2022 01:48:44 GMT" time="1.219" errors="0">
  <testcase name="XML1" time="1.219" classname="com.interra.XSD.XML1"/>
</testsuite> <!-- com.interra.XSD.XML1 -->
