<?xml version="1.0" encoding="UTF-8"?>
<!-- Generated by org.testng.reporters.JUnitReportReporter -->
<testsuite skipped="0" hostname="Aravalli" name="com.interra.XSD.XML4" tests="1" failures="0" timestamp="19 Jan 2022 02:44:28 GMT" time="2557.375" errors="0">
  <testcase name="XML3" time="2557.375" classname="com.interra.XSD.XML4"/>
</testsuite> <!-- com.interra.XSD.XML4 -->
