<?xml version="1.0" encoding="UTF-8"?>
<!-- Generated by org.testng.reporters.JUnitReportReporter -->
<testsuite skipped="0" hostname="Aravalli" name="com.interra.XSD.XML2" tests="1" failures="0" timestamp="19 Jan 2022 01:48:44 GMT" time="0.368" errors="0">
  <testcase name="XML2" time="0.368" classname="com.interra.XSD.XML2"/>
</testsuite> <!-- com.interra.XSD.XML2 -->
