<?xml version="1.0" encoding="UTF-8"?>
<!-- Generated by org.testng.reporters.JUnitReportReporter -->
<testsuite skipped="0" hostname="Aravalli" name="com.interra.XSD.XML5" tests="1" failures="0" timestamp="21 Jan 2022 03:12:24 GMT" time="9.147" errors="0">
  <testcase name="XML1" time="9.147" classname="com.interra.XSD.XML5"/>
</testsuite> <!-- com.interra.XSD.XML5 -->
